# JRE version: OpenJDK Runtime Environment (20.0.1+9) (build 20.0.1+9-29)
# Java VM: OpenJDK 64-Bit Server VM (20.0.1+9-29, mixed mode, sharing, tiered, compressed oops, compressed class ptrs, g1 gc, windows-amd64)
GC Precious Log:
 CardTable entry size: 512
 Card Set container configuration: InlinePtr #cards 5 size 8 Array Of Cards #cards 12 size 40 Howl #buckets 4 coarsen threshold 1843 Howl Bitmap #cards 512 size 80 coarsen threshold 460 Card regions per heap region 1 cards per card region 2048
 CPUs: 4 total, 4 available
 Memory: 1922M
 Large Page Support: Disabled
 NUMA Support: Disabled
 Compressed Oops: Enabled (32-bit)
 Heap Region Size: 1M
 Heap Min Capacity: 8M
 Heap Initial Capacity: 32M
 Heap Max Capacity: 482M
 Pre-touch: Disabled
 Parallel Workers: 4
 Concurrent Workers: 1
 Concurrent Refinement Workers: 4
 Periodic GC: Disabled
Heap:
 garbage-first heap   total 32768K, used 18551K [0x00000000e1e00000, 0x0000000100000000)
  region size 1024K, 3 young (3072K), 1 survivors (1024K)
 Metaspace       used 28242K, committed 28800K, reserved 1114112K
  class space    used 3520K, committed 3776K, reserved 1048576K
GC Heap History (20 events):
Event: 1.968 GC heap before
{Heap before GC invocations=1 (full 0):
 garbage-first heap   total 32768K, used 14400K [0x00000000e1e00000, 0x0000000100000000)
  region size 1024K, 11 young (11264K), 2 survivors (2048K)
 Metaspace       used 5815K, committed 6016K, reserved 1114112K
  class space    used 644K, committed 704K, reserved 1048576K
}
Event: 1.971 GC heap after
{Heap after GC invocations=2 (full 0):
 garbage-first heap   total 32768K, used 7074K [0x00000000e1e00000, 0x0000000100000000)
  region size 1024K, 1 young (1024K), 1 survivors (1024K)
 Metaspace       used 5815K, committed 6016K, reserved 1114112K
  class space    used 644K, committed 704K, reserved 1048576K
}
Event: 2.604 GC heap before
{Heap before GC invocations=2 (full 0):
 garbage-first heap   total 32768K, used 18338K [0x00000000e1e00000, 0x0000000100000000)
  region size 1024K, 12 young (12288K), 1 survivors (1024K)
 Metaspace       used 8666K, committed 8896K, reserved 1114112K
  class space    used 1036K, committed 1152K, reserved 1048576K
}
Event: 2.606 GC heap after
{Heap after GC invocations=3 (full 0):
 garbage-first heap   total 32768K, used 8089K [0x00000000e1e00000, 0x0000000100000000)
  region size 1024K, 2 young (2048K), 2 survivors (2048K)
 Metaspace       used 8666K, committed 8896K, reserved 1114112K
  class space    used 1036K, committed 1152K, reserved 1048576K
}
Event: 2.980 GC heap before
{Heap before GC invocations=3 (full 0):
 garbage-first heap   total 32768K, used 19353K [0x00000000e1e00000, 0x0000000100000000)
  region size 1024K, 14 young (14336K), 2 survivors (2048K)
 Metaspace       used 12082K, committed 12352K, reserved 1114112K
  class space    used 1402K, committed 1536K, reserved 1048576K
}
Event: 2.983 GC heap after
{Heap after GC invocations=4 (full 0):
 garbage-first heap   total 32768K, used 9125K [0x00000000e1e00000, 0x0000000100000000)
  region size 1024K, 2 young (2048K), 2 survivors (2048K)
 Metaspace       used 12082K, committed 12352K, reserved 1114112K
  class space    used 1402K, committed 1536K, reserved 1048576K
}
Event: 3.263 GC heap before
{Heap before GC invocations=4 (full 0):
 garbage-first heap   total 32768K, used 23461K [0x00000000e1e00000, 0x0000000100000000)
  region size 1024K, 16 young (16384K), 2 survivors (2048K)
 Metaspace       used 16011K, committed 16320K, reserved 1114112K
  class space    used 1911K, committed 2048K, reserved 1048576K
}
Event: 3.269 GC heap after
{Heap after GC invocations=5 (full 0):
 garbage-first heap   total 32768K, used 10225K [0x00000000e1e00000, 0x0000000100000000)
  region size 1024K, 1 young (1024K), 1 survivors (1024K)
 Metaspace       used 16011K, committed 16320K, reserved 1114112K
  class space    used 1911K, committed 2048K, reserved 1048576K
}
Event: 5.357 GC heap before
{Heap before GC invocations=5 (full 0):
 garbage-first heap   total 32768K, used 23537K [0x00000000e1e00000, 0x0000000100000000)
  region size 1024K, 15 young (15360K), 1 survivors (1024K)
 Metaspace       used 17831K, committed 18048K, reserved 1114112K
  class space    used 2099K, committed 2176K, reserved 1048576K
}
Event: 5.360 GC heap after
{Heap after GC invocations=6 (full 0):
 garbage-first heap   total 32768K, used 11769K [0x00000000e1e00000, 0x0000000100000000)
  region size 1024K, 2 young (2048K), 2 survivors (2048K)
 Metaspace       used 17831K, committed 18048K, reserved 1114112K
  class space    used 2099K, committed 2176K, reserved 1048576K
}
Event: 7.029 GC heap before
{Heap before GC invocations=6 (full 0):
 garbage-first heap   total 32768K, used 24057K [0x00000000e1e00000, 0x0000000100000000)
  region size 1024K, 15 young (15360K), 2 survivors (2048K)
 Metaspace       used 19615K, committed 19968K, reserved 1114112K
  class space    used 2326K, committed 2496K, reserved 1048576K
}
Event: 7.032 GC heap after
{Heap after GC invocations=7 (full 0):
 garbage-first heap   total 32768K, used 12946K [0x00000000e1e00000, 0x0000000100000000)
  region size 1024K, 2 young (2048K), 2 survivors (2048K)
 Metaspace       used 19615K, committed 19968K, reserved 1114112K
  class space    used 2326K, committed 2496K, reserved 1048576K
}
Event: 8.093 GC heap before
{Heap before GC invocations=7 (full 0):
 garbage-first heap   total 32768K, used 21138K [0x00000000e1e00000, 0x0000000100000000)
  region size 1024K, 11 young (11264K), 2 survivors (2048K)
 Metaspace       used 21179K, committed 21504K, reserved 1114112K
  class space    used 2562K, committed 2752K, reserved 1048576K
}
Event: 8.095 GC heap after
{Heap after GC invocations=8 (full 0):
 garbage-first heap   total 32768K, used 13773K [0x00000000e1e00000, 0x0000000100000000)
  region size 1024K, 2 young (2048K), 2 survivors (2048K)
 Metaspace       used 21179K, committed 21504K, reserved 1114112K
  class space    used 2562K, committed 2752K, reserved 1048576K
}
Event: 8.781 GC heap before
{Heap before GC invocations=9 (full 0):
 garbage-first heap   total 32768K, used 26061K [0x00000000e1e00000, 0x0000000100000000)
  region size 1024K, 15 young (15360K), 2 survivors (2048K)
 Metaspace       used 23860K, committed 24256K, reserved 1114112K
  class space    used 2959K, committed 3136K, reserved 1048576K
}
Event: 8.787 GC heap after
{Heap after GC invocations=10 (full 0):
 garbage-first heap   total 32768K, used 15182K [0x00000000e1e00000, 0x0000000100000000)
  region size 1024K, 2 young (2048K), 2 survivors (2048K)
 Metaspace       used 23860K, committed 24256K, reserved 1114112K
  class space    used 2959K, committed 3136K, reserved 1048576K
}
Event: 9.511 GC heap before
{Heap before GC invocations=10 (full 0):
 garbage-first heap   total 32768K, used 26446K [0x00000000e1e00000, 0x0000000100000000)
  region size 1024K, 14 young (14336K), 2 survivors (2048K)
 Metaspace       used 26775K, committed 27264K, reserved 1114112K
  class space    used 3332K, committed 3520K, reserved 1048576K
}
Event: 9.516 GC heap after
{Heap after GC invocations=11 (full 0):
 garbage-first heap   total 32768K, used 16717K [0x00000000e1e00000, 0x0000000100000000)
  region size 1024K, 2 young (2048K), 2 survivors (2048K)
 Metaspace       used 26775K, committed 27264K, reserved 1114112K
  class space    used 3332K, committed 3520K, reserved 1048576K
}
Event: 9.866 GC heap before
{Heap before GC invocations=11 (full 0):
 garbage-first heap   total 32768K, used 25933K [0x00000000e1e00000, 0x0000000100000000)
  region size 1024K, 12 young (12288K), 2 survivors (2048K)
 Metaspace       used 28230K, committed 28736K, reserved 1114112K
  class space    used 3519K, committed 3776K, reserved 1048576K
}
Event: 9.869 GC heap after
{Heap after GC invocations=12 (full 0):
 garbage-first heap   total 32768K, used 17527K [0x00000000e1e00000, 0x0000000100000000)
  region size 1024K, 1 young (1024K), 1 survivors (1024K)
 Metaspace       used 28230K, committed 28736K, reserved 1114112K
  class space    used 3519K, committed 3776K, reserved 1048576K
}

