# JRE version: OpenJDK Runtime Environment (20.0.1+9) (build 20.0.1+9-29)
# Java VM: OpenJDK 64-Bit Server VM (20.0.1+9-29, mixed mode, sharing, tiered, compressed oops, compressed class ptrs, g1 gc, windows-amd64)
GC Precious Log:
 CardTable entry size: 512
 Card Set container configuration: InlinePtr #cards 5 size 8 Array Of Cards #cards 12 size 40 Howl #buckets 4 coarsen threshold 1843 Howl Bitmap #cards 512 size 80 coarsen threshold 460 Card regions per heap region 1 cards per card region 2048
 CPUs: 4 total, 4 available
 Memory: 1922M
 Large Page Support: Disabled
 NUMA Support: Disabled
 Compressed Oops: Enabled (32-bit)
 Heap Region Size: 1M
 Heap Min Capacity: 8M
 Heap Initial Capacity: 32M
 Heap Max Capacity: 482M
 Pre-touch: Disabled
 Parallel Workers: 4
 Concurrent Workers: 1
 Concurrent Refinement Workers: 4
 Periodic GC: Disabled
Heap:
 garbage-first heap   total 50176K, used 27823K [0x00000000e1e00000, 0x0000000100000000)
  region size 1024K, 2 young (2048K), 1 survivors (1024K)
 Metaspace       used 61503K, committed 62464K, reserved 1114112K
  class space    used 8171K, committed 8512K, reserved 1048576K
GC Heap History (20 events):
Event: 5.186 GC heap before
{Heap before GC invocations=15 (full 0):
 garbage-first heap   total 34816K, used 28577K [0x00000000e1e00000, 0x0000000100000000)
  region size 1024K, 12 young (12288K), 2 survivors (2048K)
 Metaspace       used 36984K, committed 37440K, reserved 1114112K
  class space    used 4723K, committed 4928K, reserved 1048576K
}
Event: 5.189 GC heap after
{Heap after GC invocations=16 (full 0):
 garbage-first heap   total 34816K, used 19634K [0x00000000e1e00000, 0x0000000100000000)
  region size 1024K, 2 young (2048K), 2 survivors (2048K)
 Metaspace       used 36984K, committed 37440K, reserved 1114112K
  class space    used 4723K, committed 4928K, reserved 1048576K
}
Event: 5.421 GC heap before
{Heap before GC invocations=17 (full 0):
 garbage-first heap   total 35840K, used 28850K [0x00000000e1e00000, 0x0000000100000000)
  region size 1024K, 11 young (11264K), 2 survivors (2048K)
 Metaspace       used 39601K, committed 40128K, reserved 1114112K
  class space    used 5091K, committed 5312K, reserved 1048576K
}
Event: 5.425 GC heap after
{Heap after GC invocations=18 (full 0):
 garbage-first heap   total 43008K, used 20643K [0x00000000e1e00000, 0x0000000100000000)
  region size 1024K, 1 young (1024K), 1 survivors (1024K)
 Metaspace       used 39601K, committed 40128K, reserved 1114112K
  class space    used 5091K, committed 5312K, reserved 1048576K
}
Event: 5.923 GC heap before
{Heap before GC invocations=18 (full 0):
 garbage-first heap   total 43008K, used 37027K [0x00000000e1e00000, 0x0000000100000000)
  region size 1024K, 18 young (18432K), 1 survivors (1024K)
 Metaspace       used 45894K, committed 46464K, reserved 1114112K
  class space    used 5975K, committed 6272K, reserved 1048576K
}
Event: 5.926 GC heap after
{Heap after GC invocations=19 (full 0):
 garbage-first heap   total 43008K, used 21666K [0x00000000e1e00000, 0x0000000100000000)
  region size 1024K, 2 young (2048K), 2 survivors (2048K)
 Metaspace       used 45894K, committed 46464K, reserved 1114112K
  class space    used 5975K, committed 6272K, reserved 1048576K
}
Event: 6.311 GC heap before
{Heap before GC invocations=19 (full 0):
 garbage-first heap   total 43008K, used 36002K [0x00000000e1e00000, 0x0000000100000000)
  region size 1024K, 17 young (17408K), 2 survivors (2048K)
 Metaspace       used 50176K, committed 50752K, reserved 1114112K
  class space    used 6700K, committed 6976K, reserved 1048576K
}
Event: 6.314 GC heap after
{Heap after GC invocations=20 (full 0):
 garbage-first heap   total 43008K, used 22385K [0x00000000e1e00000, 0x0000000100000000)
  region size 1024K, 2 young (2048K), 2 survivors (2048K)
 Metaspace       used 50176K, committed 50752K, reserved 1114112K
  class space    used 6700K, committed 6976K, reserved 1048576K
}
Event: 6.744 GC heap before
{Heap before GC invocations=21 (full 0):
 garbage-first heap   total 43008K, used 36721K [0x00000000e1e00000, 0x0000000100000000)
  region size 1024K, 17 young (17408K), 2 survivors (2048K)
 Metaspace       used 53206K, committed 53824K, reserved 1114112K
  class space    used 7122K, committed 7424K, reserved 1048576K
}
Event: 6.748 GC heap after
{Heap after GC invocations=22 (full 0):
 garbage-first heap   total 43008K, used 23973K [0x00000000e1e00000, 0x0000000100000000)
  region size 1024K, 3 young (3072K), 3 survivors (3072K)
 Metaspace       used 53206K, committed 53824K, reserved 1114112K
  class space    used 7122K, committed 7424K, reserved 1048576K
}
Event: 7.051 GC heap before
{Heap before GC invocations=22 (full 0):
 garbage-first heap   total 43008K, used 35237K [0x00000000e1e00000, 0x0000000100000000)
  region size 1024K, 14 young (14336K), 3 survivors (3072K)
 Metaspace       used 54166K, committed 54784K, reserved 1114112K
  class space    used 7269K, committed 7552K, reserved 1048576K
}
Event: 7.055 GC heap after
{Heap after GC invocations=23 (full 0):
 garbage-first heap   total 43008K, used 24670K [0x00000000e1e00000, 0x0000000100000000)
  region size 1024K, 2 young (2048K), 2 survivors (2048K)
 Metaspace       used 54166K, committed 54784K, reserved 1114112K
  class space    used 7269K, committed 7552K, reserved 1048576K
}
Event: 7.313 GC heap before
{Heap before GC invocations=23 (full 0):
 garbage-first heap   total 43008K, used 36958K [0x00000000e1e00000, 0x0000000100000000)
  region size 1024K, 14 young (14336K), 2 survivors (2048K)
 Metaspace       used 55869K, committed 56512K, reserved 1114112K
  class space    used 7496K, committed 7808K, reserved 1048576K
}
Event: 7.316 GC heap after
{Heap after GC invocations=24 (full 0):
 garbage-first heap   total 43008K, used 26091K [0x00000000e1e00000, 0x0000000100000000)
  region size 1024K, 2 young (2048K), 2 survivors (2048K)
 Metaspace       used 55869K, committed 56512K, reserved 1114112K
  class space    used 7496K, committed 7808K, reserved 1048576K
}
Event: 50.267 GC heap before
{Heap before GC invocations=25 (full 0):
 garbage-first heap   total 50176K, used 37355K [0x00000000e1e00000, 0x0000000100000000)
  region size 1024K, 13 young (13312K), 2 survivors (2048K)
 Metaspace       used 58063K, committed 58816K, reserved 1114112K
  class space    used 7789K, committed 8128K, reserved 1048576K
}
Event: 50.330 GC heap after
{Heap after GC invocations=26 (full 0):
 garbage-first heap   total 50176K, used 27019K [0x00000000e1e00000, 0x0000000100000000)
  region size 1024K, 1 young (1024K), 1 survivors (1024K)
 Metaspace       used 58063K, committed 58816K, reserved 1114112K
  class space    used 7789K, committed 8128K, reserved 1048576K
}
Event: 261.439 GC heap before
{Heap before GC invocations=26 (full 0):
 garbage-first heap   total 50176K, used 43403K [0x00000000e1e00000, 0x0000000100000000)
  region size 1024K, 18 young (18432K), 1 survivors (1024K)
 Metaspace       used 61569K, committed 62272K, reserved 1114112K
  class space    used 8240K, committed 8512K, reserved 1048576K
}
Event: 261.512 GC heap after
{Heap after GC invocations=27 (full 0):
 garbage-first heap   total 50176K, used 27802K [0x00000000e1e00000, 0x0000000100000000)
  region size 1024K, 2 young (2048K), 2 survivors (2048K)
 Metaspace       used 61569K, committed 62272K, reserved 1114112K
  class space    used 8240K, committed 8512K, reserved 1048576K
}
Event: 1209.905 GC heap before
{Heap before GC invocations=27 (full 0):
 garbage-first heap   total 50176K, used 44186K [0x00000000e1e00000, 0x0000000100000000)
  region size 1024K, 18 young (18432K), 2 survivors (2048K)
 Metaspace       used 61761K, committed 62464K, reserved 1114112K
  class space    used 8240K, committed 8512K, reserved 1048576K
}
Event: 1210.092 GC heap after
{Heap after GC invocations=28 (full 0):
 garbage-first heap   total 50176K, used 27823K [0x00000000e1e00000, 0x0000000100000000)
  region size 1024K, 1 young (1024K), 1 survivors (1024K)
 Metaspace       used 61761K, committed 62464K, reserved 1114112K
  class space    used 8240K, committed 8512K, reserved 1048576K
}

