# JRE version: OpenJDK Runtime Environment (20.0.1+9) (build 20.0.1+9-29)
# Java VM: OpenJDK 64-Bit Server VM (20.0.1+9-29, mixed mode, sharing, tiered, compressed oops, compressed class ptrs, g1 gc, windows-amd64)
GC Precious Log:
 CardTable entry size: 512
 Card Set container configuration: InlinePtr #cards 5 size 8 Array Of Cards #cards 12 size 40 Howl #buckets 4 coarsen threshold 1843 Howl Bitmap #cards 512 size 80 coarsen threshold 460 Card regions per heap region 1 cards per card region 2048
 CPUs: 4 total, 4 available
 Memory: 1922M
 Large Page Support: Disabled
 NUMA Support: Disabled
 Compressed Oops: Enabled (32-bit)
 Heap Region Size: 1M
 Heap Min Capacity: 8M
 Heap Initial Capacity: 32M
 Heap Max Capacity: 482M
 Pre-touch: Disabled
 Parallel Workers: 4
 Concurrent Workers: 1
 Concurrent Refinement Workers: 4
 Periodic GC: Disabled
Heap:
 garbage-first heap   total 46080K, used 37266K [0x00000000e1e00000, 0x0000000100000000)
  region size 1024K, 16 young (16384K), 2 survivors (2048K)
 Metaspace       used 57469K, committed 58240K, reserved 1114112K
  class space    used 7703K, committed 8064K, reserved 1048576K
GC Heap History (20 events):
Event: 5.485 GC heap before
{Heap before GC invocations=13 (full 0):
 garbage-first heap   total 32768K, used 27350K [0x00000000e1e00000, 0x0000000100000000)
  region size 1024K, 12 young (12288K), 1 survivors (1024K)
 Metaspace       used 31297K, committed 31872K, reserved 1114112K
  class space    used 3940K, committed 4224K, reserved 1048576K
}
Event: 5.487 GC heap after
{Heap after GC invocations=14 (full 0):
 garbage-first heap   total 32768K, used 17621K [0x00000000e1e00000, 0x0000000100000000)
  region size 1024K, 2 young (2048K), 2 survivors (2048K)
 Metaspace       used 31297K, committed 31872K, reserved 1114112K
  class space    used 3940K, committed 4224K, reserved 1048576K
}
Event: 6.429 GC heap before
{Heap before GC invocations=14 (full 0):
 garbage-first heap   total 32768K, used 25813K [0x00000000e1e00000, 0x0000000100000000)
  region size 1024K, 11 young (11264K), 2 survivors (2048K)
 Metaspace       used 33891K, committed 34496K, reserved 1114112K
  class space    used 4378K, committed 4672K, reserved 1048576K
}
Event: 6.432 GC heap after
{Heap after GC invocations=15 (full 0):
 garbage-first heap   total 32768K, used 18028K [0x00000000e1e00000, 0x0000000100000000)
  region size 1024K, 2 young (2048K), 2 survivors (2048K)
 Metaspace       used 33891K, committed 34496K, reserved 1114112K
  class space    used 4378K, committed 4672K, reserved 1048576K
}
Event: 6.666 GC heap before
{Heap before GC invocations=15 (full 0):
 garbage-first heap   total 32768K, used 25196K [0x00000000e1e00000, 0x0000000100000000)
  region size 1024K, 10 young (10240K), 2 survivors (2048K)
 Metaspace       used 36697K, committed 37248K, reserved 1114112K
  class space    used 4687K, committed 4928K, reserved 1048576K
}
Event: 6.668 GC heap after
{Heap after GC invocations=16 (full 0):
 garbage-first heap   total 32768K, used 19218K [0x00000000e1e00000, 0x0000000100000000)
  region size 1024K, 2 young (2048K), 2 survivors (2048K)
 Metaspace       used 36697K, committed 37248K, reserved 1114112K
  class space    used 4687K, committed 4928K, reserved 1048576K
}
Event: 6.888 GC heap before
{Heap before GC invocations=17 (full 0):
 garbage-first heap   total 35840K, used 25362K [0x00000000e1e00000, 0x0000000100000000)
  region size 1024K, 9 young (9216K), 2 survivors (2048K)
 Metaspace       used 38814K, committed 39360K, reserved 1114112K
  class space    used 4991K, committed 5248K, reserved 1048576K
}
Event: 6.890 GC heap after
{Heap after GC invocations=18 (full 0):
 garbage-first heap   total 35840K, used 19831K [0x00000000e1e00000, 0x0000000100000000)
  region size 1024K, 1 young (1024K), 1 survivors (1024K)
 Metaspace       used 38814K, committed 39360K, reserved 1114112K
  class space    used 4991K, committed 5248K, reserved 1048576K
}
Event: 7.158 GC heap before
{Heap before GC invocations=18 (full 0):
 garbage-first heap   total 35840K, used 30071K [0x00000000e1e00000, 0x0000000100000000)
  region size 1024K, 12 young (12288K), 1 survivors (1024K)
 Metaspace       used 42119K, committed 42688K, reserved 1114112K
  class space    used 5392K, committed 5696K, reserved 1048576K
}
Event: 7.161 GC heap after
{Heap after GC invocations=19 (full 0):
 garbage-first heap   total 35840K, used 20736K [0x00000000e1e00000, 0x0000000100000000)
  region size 1024K, 2 young (2048K), 2 survivors (2048K)
 Metaspace       used 42119K, committed 42688K, reserved 1114112K
  class space    used 5392K, committed 5696K, reserved 1048576K
}
Event: 7.410 GC heap before
{Heap before GC invocations=19 (full 0):
 garbage-first heap   total 35840K, used 28928K [0x00000000e1e00000, 0x0000000100000000)
  region size 1024K, 11 young (11264K), 2 survivors (2048K)
 Metaspace       used 45921K, committed 46592K, reserved 1114112K
  class space    used 5975K, committed 6272K, reserved 1048576K
}
Event: 7.413 GC heap after
{Heap after GC invocations=20 (full 0):
 garbage-first heap   total 35840K, used 21298K [0x00000000e1e00000, 0x0000000100000000)
  region size 1024K, 1 young (1024K), 1 survivors (1024K)
 Metaspace       used 45921K, committed 46592K, reserved 1114112K
  class space    used 5975K, committed 6272K, reserved 1048576K
}
Event: 7.709 GC heap before
{Heap before GC invocations=21 (full 0):
 garbage-first heap   total 40960K, used 30514K [0x00000000e1e00000, 0x0000000100000000)
  region size 1024K, 11 young (11264K), 1 survivors (1024K)
 Metaspace       used 48421K, committed 49024K, reserved 1114112K
  class space    used 6481K, committed 6784K, reserved 1048576K
}
Event: 7.710 GC heap after
{Heap after GC invocations=22 (full 0):
 garbage-first heap   total 40960K, used 21642K [0x00000000e1e00000, 0x0000000100000000)
  region size 1024K, 1 young (1024K), 1 survivors (1024K)
 Metaspace       used 48421K, committed 49024K, reserved 1114112K
  class space    used 6481K, committed 6784K, reserved 1048576K
}
Event: 8.403 GC heap before
{Heap before GC invocations=22 (full 0):
 garbage-first heap   total 40960K, used 35978K [0x00000000e1e00000, 0x0000000100000000)
  region size 1024K, 16 young (16384K), 1 survivors (1024K)
 Metaspace       used 52374K, committed 52992K, reserved 1114112K
  class space    used 6960K, committed 7232K, reserved 1048576K
}
Event: 8.406 GC heap after
{Heap after GC invocations=23 (full 0):
 garbage-first heap   total 40960K, used 22727K [0x00000000e1e00000, 0x0000000100000000)
  region size 1024K, 2 young (2048K), 2 survivors (2048K)
 Metaspace       used 52374K, committed 52992K, reserved 1114112K
  class space    used 6960K, committed 7232K, reserved 1048576K
}
Event: 8.683 GC heap before
{Heap before GC invocations=23 (full 0):
 garbage-first heap   total 40960K, used 36039K [0x00000000e1e00000, 0x0000000100000000)
  region size 1024K, 15 young (15360K), 2 survivors (2048K)
 Metaspace       used 53953K, committed 54592K, reserved 1114112K
  class space    used 7216K, committed 7488K, reserved 1048576K
}
Event: 8.686 GC heap after
{Heap after GC invocations=24 (full 0):
 garbage-first heap   total 40960K, used 23962K [0x00000000e1e00000, 0x0000000100000000)
  region size 1024K, 2 young (2048K), 2 survivors (2048K)
 Metaspace       used 53953K, committed 54592K, reserved 1114112K
  class space    used 7216K, committed 7488K, reserved 1048576K
}
Event: 8.923 GC heap before
{Heap before GC invocations=25 (full 0):
 garbage-first heap   total 46080K, used 34202K [0x00000000e1e00000, 0x0000000100000000)
  region size 1024K, 12 young (12288K), 2 survivors (2048K)
 Metaspace       used 55137K, committed 55744K, reserved 1114112K
  class space    used 7409K, committed 7680K, reserved 1048576K
}
Event: 8.926 GC heap after
{Heap after GC invocations=26 (full 0):
 garbage-first heap   total 46080K, used 24978K [0x00000000e1e00000, 0x0000000100000000)
  region size 1024K, 2 young (2048K), 2 survivors (2048K)
 Metaspace       used 55137K, committed 55744K, reserved 1114112K
  class space    used 7409K, committed 7680K, reserved 1048576K
}

